<?xml version="1.0" encoding="UTF-8"?>
<!-- Generated by org.testng.reporters.JUnitReportReporter -->
<testsuite skipped="0" hostname="ADMIN-PC" name="com.qa.testscripts.LoginPageTest" tests="3" failures="0" timestamp="09 Mar 2019 23:27:31 GMT" time="67.967" errors="0">
  <testcase name="loginPageTitleTest" time="48.272" classname="com.qa.testscripts.LoginPageTest"/>
  <testcase name="loginPageElementsPresentTest" time="8.549" classname="com.qa.testscripts.LoginPageTest"/>
  <testcase name="loginTest" time="11.146" classname="com.qa.testscripts.LoginPageTest"/>
</testsuite> <!-- com.qa.testscripts.LoginPageTest -->
