<?xml version="1.0" encoding="UTF-8"?>
<!-- Generated by org.testng.reporters.JUnitReportReporter -->
<testsuite skipped="0" hostname="ADMIN-PC" name="com.qa.testscripts.AddLocationPageTest" tests="1" failures="0" timestamp="22 Mar 2019 09:04:37 GMT" time="25.162" errors="0">
  <testcase name="addLocationAndVerifyTest" time="25.162" classname="com.qa.testscripts.AddLocationPageTest"/>
</testsuite> <!-- com.qa.testscripts.AddLocationPageTest -->
