<?xml version="1.0" encoding="UTF-8"?>
<!-- Generated by org.testng.reporters.JUnitReportReporter -->
<testsuite skipped="0" hostname="ADMIN-PC" name="com.qa.testscripts.AddEmpPageTest" tests="2" failures="0" timestamp="12 Mar 2019 06:26:03 GMT" time="59.941" errors="0">
  <testcase name="addEmployeeAndVerifyTest" time="23.649" classname="com.qa.testscripts.AddEmpPageTest"/>
  <testcase name="logoutTest" time="36.292" classname="com.qa.testscripts.AddEmpPageTest"/>
</testsuite> <!-- com.qa.testscripts.AddEmpPageTest -->
