<?xml version="1.0" encoding="UTF-8"?>
<!-- Generated by org.testng.reporters.JUnitReportReporter -->
<testsuite skipped="0" hostname="ADMIN-PC" name="com.qa.testscripts.DelMulLocationPageTest" tests="1" failures="0" timestamp="25 Mar 2019 04:36:14 GMT" time="20.525" errors="0">
  <testcase name="delLocationAndVerifyTest" time="20.525" classname="com.qa.testscripts.DelMulLocationPageTest"/>
</testsuite> <!-- com.qa.testscripts.DelMulLocationPageTest -->
