<?xml version="1.0" encoding="UTF-8"?>
<!-- Generated by org.testng.reporters.JUnitReportReporter -->
<testsuite skipped="0" hostname="ADMIN-PC" name="com.qa.testscripts.AddEmpPageTest" tests="1" failures="0" timestamp="11 Mar 2019 14:44:06 GMT" time="22.363" errors="0">
  <testcase name="addEmployeeAndVerifyTest" time="22.363" classname="com.qa.testscripts.AddEmpPageTest"/>
</testsuite> <!-- com.qa.testscripts.AddEmpPageTest -->
