<?xml version="1.0" encoding="UTF-8"?>
<!-- Generated by org.testng.reporters.JUnitReportReporter -->
<testsuite skipped="0" hostname="ADMIN-PC" name="com.qa.testscripts.EditEmpPageTest" tests="2" failures="0" timestamp="12 Mar 2019 06:00:54 GMT" time="37.330" errors="0">
  <testcase name="editEmployeeAndVerifyTest" time="24.226" classname="com.qa.testscripts.EditEmpPageTest"/>
  <testcase name="logoutTest" time="13.104" classname="com.qa.testscripts.EditEmpPageTest"/>
</testsuite> <!-- com.qa.testscripts.EditEmpPageTest -->
