<?xml version="1.0" encoding="UTF-8"?>
<!-- Generated by org.testng.reporters.JUnitReportReporter -->
<testsuite skipped="0" hostname="ADMIN-PC" name="com.qa.testscripts.AddLocationPageTest" tests="1" failures="0" timestamp="25 Mar 2019 03:53:06 GMT" time="45.731" errors="0">
  <testcase name="addLocationAndVerifyTest" time="45.731" classname="com.qa.testscripts.AddLocationPageTest"/>
</testsuite> <!-- com.qa.testscripts.AddLocationPageTest -->
