<?xml version="1.0" encoding="UTF-8"?>
<!-- Generated by org.testng.reporters.JUnitReportReporter -->
<testsuite skipped="0" hostname="ADMIN-PC" name="com.qa.testscripts.DelLocationPageTest" tests="1" failures="0" timestamp="25 Mar 2019 04:29:45 GMT" time="18.801" errors="0">
  <testcase name="delLocationAndVerifyTest" time="18.801" classname="com.qa.testscripts.DelLocationPageTest"/>
</testsuite> <!-- com.qa.testscripts.DelLocationPageTest -->
