<?xml version="1.0" encoding="UTF-8"?>
<!-- Generated by org.testng.reporters.JUnitReportReporter -->
<testsuite skipped="0" hostname="ADMIN-PC" name="com.qa.testscripts.HomePageTest" tests="2" failures="0" timestamp="22 Mar 2019 09:02:15 GMT" time="24.462" errors="0">
  <testcase name="homePageElementsPresentTest" time="12.218" classname="com.qa.testscripts.HomePageTest"/>
  <testcase name="logoutTest" time="12.244" classname="com.qa.testscripts.HomePageTest"/>
</testsuite> <!-- com.qa.testscripts.HomePageTest -->
