<?xml version="1.0" encoding="UTF-8"?>
<!-- Generated by org.testng.reporters.JUnitReportReporter -->
<testsuite skipped="0" hostname="ADMIN-PC" name="com.qa.testscripts.LoginPageTest" tests="3" failures="0" timestamp="22 Mar 2019 09:02:15 GMT" time="26.074" errors="0">
  <testcase name="loginPageTitleTest" time="8.220" classname="com.qa.testscripts.LoginPageTest"/>
  <testcase name="loginPageElementsPresentTest" time="7.112" classname="com.qa.testscripts.LoginPageTest"/>
  <testcase name="loginTest" time="10.742" classname="com.qa.testscripts.LoginPageTest"/>
</testsuite> <!-- com.qa.testscripts.LoginPageTest -->
