<?xml version="1.0" encoding="UTF-8"?>
<!-- Generated by org.testng.reporters.JUnitReportReporter -->
<testsuite skipped="0" hostname="ADMIN-PC" name="com.qa.testscripts.HomePageTest" tests="2" failures="0" timestamp="09 Mar 2019 23:27:31 GMT" time="26.588" errors="0">
  <testcase name="homePageElementsPresentTest" time="11.496" classname="com.qa.testscripts.HomePageTest"/>
  <testcase name="logoutTest" time="15.092" classname="com.qa.testscripts.HomePageTest"/>
</testsuite> <!-- com.qa.testscripts.HomePageTest -->
