<?xml version="1.0" encoding="UTF-8"?>
<!-- Generated by org.testng.reporters.JUnitReportReporter -->
<testsuite skipped="0" hostname="ADMIN-PC" name="com.qa.testscripts.DeleteEmpPageTest" tests="1" failures="0" timestamp="12 Mar 2019 06:47:26 GMT" time="13.246" errors="0">
  <testcase name="deleteEmployeeAndVerifyTest" time="13.246" classname="com.qa.testscripts.DeleteEmpPageTest"/>
</testsuite> <!-- com.qa.testscripts.DeleteEmpPageTest -->
