<?xml version="1.0" encoding="UTF-8"?>
<!-- Generated by org.testng.reporters.JUnitReportReporter -->
<testsuite skipped="0" hostname="ADMIN-PC" name="com.qa.testscripts.EditLocationPageTest" tests="1" failures="0" timestamp="23 Mar 2019 07:09:10 GMT" time="23.119" errors="0">
  <testcase name="editLocationAndVerifyTest" time="23.119" classname="com.qa.testscripts.EditLocationPageTest"/>
</testsuite> <!-- com.qa.testscripts.EditLocationPageTest -->
